<?xml version="1.0" encoding="UTF-8" ?>
<testsuite tests="8" failures="0" name="com.calculator.TestUnitaireCalculateur" time="0.019" errors="0" skipped="0">
  <properties>
[...]
</properties>
  <testcase classname="com.calculator.TestUnitaireCalculateur" name="testdivide" time="0.013"/>
  <testcase classname="com.calculator.TestUnitaireCalculateur" name="testSum" time="0"/>
  <testcase classname="com.calculator.TestUnitaireCalculateur" name="testmax" time="0.001"/>
  <testcase classname="com.calculator.TestUnitaireCalculateur" name="testmin" time="0.001"/>
  <testcase classname="com.calculator.TestUnitaireCalculateur" name="testminus" time="0"/>
  <testcase classname="com.calculator.TestUnitaireCalculateur" name="testminElement" time="0.001"/>
  <testcase classname="com.calculator.TestUnitaireCalculateur" name="testmaxElement" time="0.002"/>
  <testcase classname="com.calculator.TestUnitaireCalculateur" name="testmultiply" time="0.001"/>
</testsuite>